<?xml version="1.0" encoding="UTF-8"?>
<!-- Generated by org.testng.reporters.JUnitReportReporter -->
<testsuite hostname="DESKTOP-6CNSA14" failures="0" tests="2" name="testngtraning.parallelexample" time="57.073" errors="0" timestamp="2021-08-27T10:59:33 IST" skipped="0">
  <testcase classname="testngtraning.parallelexample" name="google" time="29.682"/>
  <system-out/>
  <testcase classname="testngtraning.parallelexample" name="yahoo" time="27.391"/>
  <system-out/>
</testsuite> <!-- testngtraning.parallelexample -->
