<?xml version="1.0" encoding="UTF-8"?>
<!-- Generated by org.testng.reporters.JUnitReportReporter -->
<testsuite hostname="DESKTOP-6CNSA14" failures="0" tests="1" name="pageobjectmodel.pagelogin" time="24.890" errors="0" timestamp="2021-09-30T10:21:35 IST" skipped="0">
  <testcase classname="pageobjectmodel.pagelogin" name="login" time="24.890"/>
  <system-out/>
</testsuite> <!-- pageobjectmodel.pagelogin -->
