<?xml version="1.0" encoding="UTF-8"?>
<!-- Generated by org.testng.reporters.JUnitReportReporter -->
<testsuite hostname="DESKTOP-6CNSA14" failures="0" tests="3" name="testngtraning.sampletestng" time="0.029" errors="0" timestamp="2021-08-24T12:32:49 IST" skipped="0">
  <testcase classname="testngtraning.sampletestng" name="method2" time="0.011"/>
  <system-out/>
  <testcase classname="testngtraning.sampletestng" name="method3" time="0.012"/>
  <system-out/>
  <testcase classname="testngtraning.sampletestng" name="method1" time="0.006"/>
  <system-out/>
</testsuite> <!-- testngtraning.sampletestng -->
