<?xml version="1.0" encoding="UTF-8"?>
<!-- Generated by org.testng.reporters.JUnitReportReporter -->
<testsuite hostname="DESKTOP-6CNSA14" failures="0" tests="2" name="testngtraning.Suitexample" time="49.153" errors="0" timestamp="2021-08-24T12:32:48 IST" skipped="0">
  <testcase classname="testngtraning.Suitexample" name="google" time="19.686"/>
  <system-out/>
  <testcase classname="testngtraning.Suitexample" name="yahoo" time="29.467"/>
  <system-out/>
</testsuite> <!-- testngtraning.Suitexample -->
