<?xml version="1.0" encoding="UTF-8"?>
<!-- Generated by org.testng.reporters.JUnitReportReporter -->
<testsuite hostname="DESKTOP-6CNSA14" failures="0" tests="5" name="testngtraning.Skipmethodtestcase" time="0.030" errors="0" timestamp="2021-08-24T12:32:49 IST" skipped="1">
  <testcase classname="testngtraning.Skipmethodtestcase" name="jeep" time="0.011"/>
  <system-out/>
  <testcase classname="testngtraning.Skipmethodtestcase" name="bmw" time="0.009"/>
  <system-out/>
  <testcase classname="testngtraning.Skipmethodtestcase" name="audi" time="0.007"/>
  <system-out/>
  <testcase classname="testngtraning.Skipmethodtestcase" name="tvs" time="0.003"/>
  <system-out/>
  <testcase classname="testngtraning.Skipmethodtestcase" name="honda">
    <skipped/>
  </testcase> <!-- honda -->
  <system-out/>
</testsuite> <!-- testngtraning.Skipmethodtestcase -->
