<?xml version="1.0" encoding="UTF-8"?>
<!-- Generated by org.testng.reporters.JUnitReportReporter -->
<testsuite hostname="DESKTOP-6CNSA14" failures="0" tests="4" name="testngtraning.dependanciesmethod" time="0.042" errors="0" timestamp="2021-08-24T12:39:35 IST" skipped="1">
  <testcase classname="testngtraning.dependanciesmethod" name="fourthstandard" time="0.005"/>
  <system-out/>
  <testcase classname="testngtraning.dependanciesmethod" name="secondtstandard" time="0.013"/>
  <system-out/>
  <testcase classname="testngtraning.dependanciesmethod" name="firststandard" time="0.024"/>
  <system-out/>
  <testcase classname="testngtraning.dependanciesmethod" name="thridtstandard">
    <skipped/>
  </testcase> <!-- thridtstandard -->
  <system-out/>
</testsuite> <!-- testngtraning.dependanciesmethod -->
