<?xml version="1.0" encoding="UTF-8"?>
<!-- Generated by org.testng.reporters.JUnitReportReporter -->
<testsuite hostname="DESKTOP-6CNSA14" failures="0" tests="4" name="testngtraning.Methodpriority" time="0.046" errors="0" timestamp="2021-08-24T12:32:49 IST" skipped="0">
  <testcase classname="testngtraning.Methodpriority" name="anandh" time="0.009"/>
  <system-out/>
  <testcase classname="testngtraning.Methodpriority" name="anandh1" time="0.011"/>
  <system-out/>
  <testcase classname="testngtraning.Methodpriority" name="anandh2" time="0.017"/>
  <system-out/>
  <testcase classname="testngtraning.Methodpriority" name="anandh3" time="0.009"/>
  <system-out/>
</testsuite> <!-- testngtraning.Methodpriority -->
