<?xml version="1.0" encoding="UTF-8"?>
<!-- Generated by org.testng.reporters.JUnitReportReporter -->
<testsuite hostname="DESKTOP-6CNSA14" failures="0" tests="1" name="testngtraning.parameterizationexample" time="0.024" errors="0" timestamp="2021-08-26T12:12:13 IST" skipped="0">
  <testcase classname="testngtraning.parameterizationexample" name="jeep" time="0.024"/>
  <system-out/>
</testsuite> <!-- testngtraning.parameterizationexample -->
